<?xml version="1.0" encoding="UTF-8"?>
<!-- Generated by org.testng.reporters.JUnitXMLReporter -->
<testsuite hostname="DESKTOP-CNQ7RU4" ignored="0" name="Default test" tests="10" failures="0" timestamp="08 Jul 2018 16:54:50 GMT" time="12.351" errors="0">
  <testcase name="checkDefaults" time="0.239" classname="com.mockaroo.MockarooDataValidation"/>
  <testcase name="checkTitle" time="0.078" classname="com.mockaroo.MockarooDataValidation"/>
  <testcase name="remove" time="0.429" classname="com.mockaroo.MockarooDataValidation"/>
  <testcase name="removeClickX" time="0.107" classname="com.mockaroo.MockarooDataValidation"/>
  <testcase name="checkAddAnotherField" time="0.029" classname="com.mockaroo.MockarooDataValidation"/>
  <testcase name="checkedUnckecked" time="0.052" classname="com.mockaroo.MockarooDataValidation"/>
  <testcase name="addCity" time="2.479" classname="com.mockaroo.MockarooDataValidation"/>
  <testcase name="addCountry" time="3.408" classname="com.mockaroo.MockarooDataValidation"/>
  <testcase name="download" time="0.314" classname="com.mockaroo.MockarooDataValidation"/>
  <testcase name="complete" time="0.017" classname="com.mockaroo.MockarooDataValidation"/>
</testsuite> <!-- Default test -->
